<?xml version="1.0" encoding="UTF-8"?>
<!-- Generated by org.testng.reporters.JUnitXMLReporter -->
<testsuite hostname="zConL-42" ignored="0" name="Test" tests="1" failures="1" timestamp="2020-01-06T13:43:14 IST" time="5.508" errors="0">
  <testcase name="loginAsBankManager" time="5.461" classname="testcase.AddCustomer">
    <failure type="java.lang.IllegalArgumentException" message="Cannot find elements when the XPath is null.">
      <![CDATA[java.lang.IllegalArgumentException: Cannot find elements when the XPath is null.
at org.openqa.selenium.By$ByXPath.<init>(By.java:339)
at org.openqa.selenium.By.xpath(By.java:92)
at testcase.AddCustomer.loginAsBankManager(AddCustomer.java:18)
at java.util.ArrayList.forEach(ArrayList.java:1257)
... Removed 27 stack frames]]>
    </failure>
  </testcase> <!-- loginAsBankManager -->
</testsuite> <!-- Test -->
